[debug] [2022-04-26T19:17:27.653Z] ----------------------------------------------------------------------
[debug] [2022-04-26T19:17:27.656Z] Command:       C:\Program Files\nodejs\node.exe C:\Users\HP\AppData\Roaming\npm\node_modules\firebase-tools\lib\bin\firebase.js deploy
[debug] [2022-04-26T19:17:27.657Z] CLI Version:   10.7.1
[debug] [2022-04-26T19:17:27.658Z] Platform:      win32
[debug] [2022-04-26T19:17:27.658Z] Node Version:  v16.14.0
[debug] [2022-04-26T19:17:27.660Z] Time:          Wed Apr 27 2022 01:17:27 GMT+0600 (Bangladesh Standard Time)
[debug] [2022-04-26T19:17:27.660Z] ----------------------------------------------------------------------
[debug] 
[debug] [2022-04-26T19:17:27.811Z] > command requires scopes: ["email","openid","https://www.googleapis.com/auth/cloudplatformprojects.readonly","https://www.googleapis.com/auth/firebase","https://www.googleapis.com/auth/cloud-platform"]
[debug] [2022-04-26T19:17:27.812Z] > authorizing via signed-in user (almamounhridoy113@gmail.com)
[debug] [2022-04-26T19:17:27.812Z] [iam] checking project genius-car-services-8181b for permissions ["firebase.projects.get","firebasehosting.sites.update"]
[debug] [2022-04-26T19:17:27.816Z] >>> [apiv2][query] POST https://cloudresourcemanager.googleapis.com/v1/projects/genius-car-services-8181b:testIamPermissions [none]
[debug] [2022-04-26T19:17:27.817Z] >>> [apiv2][body] POST https://cloudresourcemanager.googleapis.com/v1/projects/genius-car-services-8181b:testIamPermissions {"permissions":["firebase.projects.get","firebasehosting.sites.update"]}
[debug] [2022-04-26T19:17:28.361Z] [iam] error while checking permissions, command may fail: FirebaseError: Failed to make request to https://cloudresourcemanager.googleapis.com/v1/projects/genius-car-services-8181b:testIamPermissions
[debug] [2022-04-26T19:17:28.367Z] >>> [apiv2][query] GET https://firebase.googleapis.com/v1beta1/projects/genius-car-services-8181b [none]
[debug] [2022-04-26T19:17:28.394Z] Failed to make request to https://firebase.googleapis.com/v1beta1/projects/genius-car-services-8181b
[debug] [2022-04-26T19:17:28.738Z] FirebaseError: Failed to make request to https://firebase.googleapis.com/v1beta1/projects/genius-car-services-8181b
    at RetryOperation._fn (C:\Users\HP\AppData\Roaming\npm\node_modules\firebase-tools\lib\apiv2.js:240:31)
    at processTicksAndRejections (node:internal/process/task_queues:96:5)
[error] 
[error] Error: Failed to get Firebase project genius-car-services-8181b. Please make sure the project exists and your account has permission to access it.
[debug] [2022-04-26T19:20:55.697Z] ----------------------------------------------------------------------
[debug] [2022-04-26T19:20:55.701Z] Command:       C:\Program Files\nodejs\node.exe C:\Users\HP\AppData\Roaming\npm\node_modules\firebase-tools\lib\bin\firebase.js deploy
[debug] [2022-04-26T19:20:55.702Z] CLI Version:   10.7.1
[debug] [2022-04-26T19:20:55.703Z] Platform:      win32
[debug] [2022-04-26T19:20:55.703Z] Node Version:  v16.14.0
[debug] [2022-04-26T19:20:55.705Z] Time:          Wed Apr 27 2022 01:20:55 GMT+0600 (Bangladesh Standard Time)
[debug] [2022-04-26T19:20:55.705Z] ----------------------------------------------------------------------
[debug] 
[debug] [2022-04-26T19:20:55.850Z] > command requires scopes: ["email","openid","https://www.googleapis.com/auth/cloudplatformprojects.readonly","https://www.googleapis.com/auth/firebase","https://www.googleapis.com/auth/cloud-platform"]
[debug] [2022-04-26T19:20:55.852Z] > authorizing via signed-in user (almamounhridoy113@gmail.com)
[debug] [2022-04-26T19:20:55.852Z] [iam] checking project genius-car-services-8181b for permissions ["firebase.projects.get","firebasehosting.sites.update"]
[debug] [2022-04-26T19:20:55.857Z] >>> [apiv2][query] POST https://cloudresourcemanager.googleapis.com/v1/projects/genius-car-services-8181b:testIamPermissions [none]
[debug] [2022-04-26T19:20:55.857Z] >>> [apiv2][body] POST https://cloudresourcemanager.googleapis.com/v1/projects/genius-car-services-8181b:testIamPermissions {"permissions":["firebase.projects.get","firebasehosting.sites.update"]}
[debug] [2022-04-26T19:20:55.997Z] [iam] error while checking permissions, command may fail: FirebaseError: Failed to make request to https://cloudresourcemanager.googleapis.com/v1/projects/genius-car-services-8181b:testIamPermissions
[debug] [2022-04-26T19:20:56.003Z] >>> [apiv2][query] GET https://firebase.googleapis.com/v1beta1/projects/genius-car-services-8181b [none]
[debug] [2022-04-26T19:20:56.102Z] Failed to make request to https://firebase.googleapis.com/v1beta1/projects/genius-car-services-8181b
[debug] [2022-04-26T19:20:56.514Z] FirebaseError: Failed to make request to https://firebase.googleapis.com/v1beta1/projects/genius-car-services-8181b
    at RetryOperation._fn (C:\Users\HP\AppData\Roaming\npm\node_modules\firebase-tools\lib\apiv2.js:240:31)
    at processTicksAndRejections (node:internal/process/task_queues:96:5)
[error] 
[error] Error: Failed to get Firebase project genius-car-services-8181b. Please make sure the project exists and your account has permission to access it.
[debug] [2022-04-26T19:55:40.442Z] ----------------------------------------------------------------------
[debug] [2022-04-26T19:55:40.446Z] Command:       C:\Program Files\nodejs\node.exe C:\Users\HP\AppData\Roaming\npm\node_modules\firebase-tools\lib\bin\firebase.js deploy
[debug] [2022-04-26T19:55:40.447Z] CLI Version:   10.7.1
[debug] [2022-04-26T19:55:40.447Z] Platform:      win32
[debug] [2022-04-26T19:55:40.447Z] Node Version:  v16.14.0
[debug] [2022-04-26T19:55:40.449Z] Time:          Wed Apr 27 2022 01:55:40 GMT+0600 (Bangladesh Standard Time)
[debug] [2022-04-26T19:55:40.450Z] ----------------------------------------------------------------------
[debug] 
[debug] [2022-04-26T19:55:40.597Z] > command requires scopes: ["email","openid","https://www.googleapis.com/auth/cloudplatformprojects.readonly","https://www.googleapis.com/auth/firebase","https://www.googleapis.com/auth/cloud-platform"]
[debug] [2022-04-26T19:55:40.598Z] > authorizing via signed-in user (almamounhridoy113@gmail.com)
[debug] [2022-04-26T19:55:40.598Z] [iam] checking project genius-car-services-8181b for permissions ["firebase.projects.get","firebasehosting.sites.update"]
[debug] [2022-04-26T19:55:40.603Z] >>> [apiv2][query] POST https://cloudresourcemanager.googleapis.com/v1/projects/genius-car-services-8181b:testIamPermissions [none]
[debug] [2022-04-26T19:55:40.604Z] >>> [apiv2][body] POST https://cloudresourcemanager.googleapis.com/v1/projects/genius-car-services-8181b:testIamPermissions {"permissions":["firebase.projects.get","firebasehosting.sites.update"]}
[debug] [2022-04-26T19:55:40.728Z] [iam] error while checking permissions, command may fail: FirebaseError: Failed to make request to https://cloudresourcemanager.googleapis.com/v1/projects/genius-car-services-8181b:testIamPermissions
[debug] [2022-04-26T19:55:40.734Z] >>> [apiv2][query] GET https://firebase.googleapis.com/v1beta1/projects/genius-car-services-8181b [none]
[debug] [2022-04-26T19:55:40.840Z] Failed to make request to https://firebase.googleapis.com/v1beta1/projects/genius-car-services-8181b
[debug] [2022-04-26T19:55:41.226Z] FirebaseError: Failed to make request to https://firebase.googleapis.com/v1beta1/projects/genius-car-services-8181b
    at RetryOperation._fn (C:\Users\HP\AppData\Roaming\npm\node_modules\firebase-tools\lib\apiv2.js:240:31)
    at processTicksAndRejections (node:internal/process/task_queues:96:5)
[error] 
[error] Error: Failed to get Firebase project genius-car-services-8181b. Please make sure the project exists and your account has permission to access it.
